<?xml version="1.0" encoding="UTF-8"?>
<!-- Generated by org.testng.reporters.JUnitReportReporter -->
<testsuite skipped="0" hostname="DESKTOP-RR4CVOF" name="scripts.TestCase3" tests="1" failures="0" timestamp="2022-09-12T14:22:47 IST" time="29.348" errors="0">
  <testcase name="tc3" time="29.348" classname="scripts.TestCase3"/>
  <system-out/>
</testsuite> <!-- scripts.TestCase3 -->
