<?xml version="1.0" encoding="UTF-8"?>
<!-- Generated by org.testng.reporters.JUnitReportReporter -->
<testsuite skipped="0" hostname="DESKTOP-RR4CVOF" name="scripts.TestCase2" tests="1" failures="0" timestamp="2022-09-12T14:22:47 IST" time="13.138" errors="0">
  <testcase name="tc2" time="13.138" classname="scripts.TestCase2"/>
  <system-out/>
</testsuite> <!-- scripts.TestCase2 -->
